time=2025-05-24T11:52:01.716-05:00 level=ERROR msg="Max lines reached" maxLines=36
time=2025-05-24T11:52:01.866-05:00 level=ERROR msg="Max lines reached" maxLines=36
time=2025-05-24T11:52:03.919-05:00 level=ERROR msg="Max lines reached" maxLines=36
time=2025-05-24T11:52:04.068-05:00 level=ERROR msg="Max lines reached" maxLines=36
time=2025-05-24T11:52:04.670-05:00 level=ERROR msg="Max lines reached" maxLines=36
time=2025-05-24T11:52:05.052-05:00 level=ERROR msg="Max lines reached" maxLines=36
time=2025-05-24T11:52:07.204-05:00 level=ERROR msg="Max lines reached" maxLines=36
time=2025-05-24T11:52:07.353-05:00 level=ERROR msg="Max lines reached" maxLines=36
time=2025-05-24T11:52:07.607-05:00 level=ERROR msg="Max lines reached" maxLines=36
time=2025-05-24T11:52:13.366-05:00 level=ERROR msg="Max lines reached" maxLines=36
time=2025-05-24T11:52:13.514-05:00 level=ERROR msg="Max lines reached" maxLines=36
time=2025-05-24T11:52:15.608-05:00 level=ERROR msg="Max lines reached" maxLines=36
time=2025-05-24T11:52:15.732-05:00 level=ERROR msg="Max lines reached" maxLines=36
time=2025-05-24T11:52:16.898-05:00 level=ERROR msg="Max lines reached" maxLines=36
time=2025-05-24T11:52:17.033-05:00 level=ERROR msg="Max lines reached" maxLines=36
time=2025-05-24T11:52:19.152-05:00 level=ERROR msg="Max lines reached" maxLines=36
time=2025-05-24T11:52:19.304-05:00 level=ERROR msg="Max lines reached" maxLines=36
time=2025-05-24T11:52:19.341-05:00 level=ERROR msg="Max lines reached" maxLines=36
time=2025-05-24T11:52:19.490-05:00 level=ERROR msg="Max lines reached" maxLines=36
time=2025-05-24T11:53:26.968-05:00 level=ERROR msg="Max lines reached" maxLines=36
time=2025-05-24T11:53:27.115-05:00 level=ERROR msg="Max lines reached" maxLines=36
time=2025-05-24T11:53:27.297-05:00 level=ERROR msg="Max lines reached" maxLines=36
time=2025-05-24T11:53:27.764-05:00 level=ERROR msg="Max lines reached" maxLines=36
time=2025-05-24T11:53:28.656-05:00 level=ERROR msg="Max lines reached" maxLines=36
time=2025-05-24T11:53:31.460-05:00 level=ERROR msg="Max lines reached" maxLines=36
time=2025-05-24T11:53:31.712-05:00 level=ERROR msg="Max lines reached" maxLines=36
time=2025-05-24T11:53:32.328-05:00 level=ERROR msg="Max lines reached" maxLines=36
time=2025-05-24T11:53:33.099-05:00 level=ERROR msg="Max lines reached" maxLines=36
time=2025-05-24T11:53:33.242-05:00 level=ERROR msg="Max lines reached" maxLines=36
time=2025-05-24T11:53:33.292-05:00 level=ERROR msg="Max lines reached" maxLines=36
time=2025-05-24T11:53:33.500-05:00 level=ERROR msg="Max lines reached" maxLines=36
time=2025-05-24T11:53:33.650-05:00 level=ERROR msg="Max lines reached" maxLines=36
time=2025-05-24T11:53:33.810-05:00 level=ERROR msg="Max lines reached" maxLines=36
time=2025-05-24T11:53:34.221-05:00 level=ERROR msg="Max lines reached" maxLines=36
time=2025-05-24T11:54:19.396-05:00 level=ERROR msg="exif error" error=EOF
time=2025-05-24T11:54:19.545-05:00 level=ERROR msg="exif error" error=EOF
time=2025-05-24T11:54:20.292-05:00 level=ERROR msg="exif error" error=EOF
time=2025-05-24T11:54:20.420-05:00 level=ERROR msg="exif error" error=EOF
time=2025-05-24T11:54:24.018-05:00 level=ERROR msg="exif error" error=EOF
time=2025-05-24T11:54:24.255-05:00 level=ERROR msg="exif error" error=EOF
time=2025-05-24T11:54:24.487-05:00 level=ERROR msg="exif error" error=EOF
time=2025-05-24T11:54:24.713-05:00 level=ERROR msg="exif error" error=EOF
time=2025-05-24T11:54:25.363-05:00 level=ERROR msg="exif error" error=EOF
time=2025-05-24T11:54:25.497-05:00 level=ERROR msg="exif error" error=EOF
time=2025-05-24T11:54:25.858-05:00 level=ERROR msg="exif error" error=EOF
time=2025-05-24T11:54:25.988-05:00 level=ERROR msg="exif error" error=EOF
time=2025-05-24T11:54:26.382-05:00 level=ERROR msg="exif error" error=EOF
time=2025-05-24T11:54:26.610-05:00 level=ERROR msg="exif error" error=EOF
time=2025-05-24T11:54:26.853-05:00 level=ERROR msg="exif error" error=EOF
time=2025-05-24T11:54:26.982-05:00 level=ERROR msg="exif error" error=EOF
time=2025-05-24T11:54:27.318-05:00 level=ERROR msg="exif error" error=EOF
time=2025-05-24T11:54:27.450-05:00 level=ERROR msg="exif error" error=EOF
time=2025-05-24T11:54:27.747-05:00 level=ERROR msg="exif error" error=EOF
time=2025-05-24T11:54:27.876-05:00 level=ERROR msg="exif error" error=EOF
time=2025-05-24T11:54:28.197-05:00 level=ERROR msg="exif error" error=EOF
time=2025-05-24T11:54:28.423-05:00 level=ERROR msg="exif error" error=EOF
time=2025-05-24T11:54:31.379-05:00 level=ERROR msg="exif error" error=EOF
time=2025-05-24T11:56:19.731-05:00 level=ERROR msg="exif error" error=EOF
time=2025-05-24T11:56:20.143-05:00 level=ERROR msg="exif error" error=EOF
time=2025-05-24T11:56:21.536-05:00 level=ERROR msg="exif error" error=EOF
time=2025-05-24T11:56:23.640-05:00 level=ERROR msg="exif error" error=EOF
time=2025-05-24T11:56:23.773-05:00 level=ERROR msg="exif error" error=EOF
time=2025-05-24T11:56:24.346-05:00 level=ERROR msg="exif error" error=EOF
time=2025-05-24T11:56:24.475-05:00 level=ERROR msg="exif error" error=EOF
time=2025-05-24T11:56:26.555-05:00 level=ERROR msg="Max lines reached" maxLines=36
time=2025-05-24T11:56:28.051-05:00 level=ERROR msg="Max lines reached" maxLines=36
time=2025-05-24T11:59:14.348-05:00 level=ERROR msg="Error unexpected file extension type: " error="unsupported operation"
time=2025-05-24T12:13:07.368-05:00 level=ERROR msg="Error render directory preview" error="open M:\\System Volume Information: Acceso denegado."
time=2025-05-24T12:13:07.372-05:00 level=ERROR msg="Error render directory preview" error="open M:\\System Volume Information: Acceso denegado."
time=2025-05-31T09:41:40.198-05:00 level=ERROR msg="Max lines reached" maxLines=36
time=2025-05-31T09:41:40.347-05:00 level=ERROR msg="Max lines reached" maxLines=36
time=2025-05-31T09:41:40.720-05:00 level=ERROR msg="Max lines reached" maxLines=36
time=2025-05-31T09:46:26.440-05:00 level=ERROR msg="Max lines reached" maxLines=36
time=2025-05-31T09:46:27.222-05:00 level=ERROR msg="Max lines reached" maxLines=36
time=2025-05-31T09:46:27.232-05:00 level=ERROR msg="Max lines reached" maxLines=36
time=2025-05-31T09:50:35.987-05:00 level=ERROR msg="Error render directory preview" error="open C:\\$Recycle.Bin\\S-1-5-18: Acceso denegado."
time=2025-05-31T09:50:36.143-05:00 level=ERROR msg="Error render directory preview" error="open C:\\$Recycle.Bin\\S-1-5-21-3188460385-2079352400-1010239240-1000: Acceso denegado."
time=2025-05-31T09:50:36.294-05:00 level=ERROR msg="Error render directory preview" error="open C:\\$Recycle.Bin\\S-1-5-21-3188460385-2079352400-1010239240-1000: Acceso denegado."
time=2025-05-31T09:50:37.386-05:00 level=ERROR msg="Error render directory preview" error="open C:\\$Recycle.Bin\\S-1-5-18: Acceso denegado."
time=2025-05-31T09:50:37.537-05:00 level=ERROR msg="Error render directory preview" error="open C:\\$Recycle.Bin\\S-1-5-18: Acceso denegado."
time=2025-05-31T09:51:32.514-05:00 level=ERROR msg="Error render directory preview" error="open M:\\System Volume Information: Acceso denegado."
time=2025-05-31T09:51:32.658-05:00 level=ERROR msg="Error render directory preview" error="open M:\\System Volume Information: Acceso denegado."
time=2025-05-31T09:52:11.207-05:00 level=ERROR msg="Error render directory preview" error="open C:\\System Volume Information: Acceso denegado."
time=2025-05-31T09:54:12.334-05:00 level=ERROR msg="Max lines reached" maxLines=36
time=2025-05-31T09:54:12.497-05:00 level=ERROR msg="Max lines reached" maxLines=36
time=2025-05-31T09:54:15.685-05:00 level=ERROR msg="Max lines reached" maxLines=36
time=2025-05-31T09:54:17.846-05:00 level=ERROR msg="Max lines reached" maxLines=36
time=2025-05-31T09:54:19.130-05:00 level=ERROR msg="Max lines reached" maxLines=36
time=2025-05-31T09:54:21.526-05:00 level=ERROR msg="Max lines reached" maxLines=36
time=2025-05-31T09:54:21.562-05:00 level=ERROR msg="Max lines reached" maxLines=36
time=2025-05-31T09:54:21.613-05:00 level=ERROR msg="Max lines reached" maxLines=36
time=2025-05-31T09:54:21.666-05:00 level=ERROR msg="Max lines reached" maxLines=36
time=2025-05-31T09:54:21.731-05:00 level=ERROR msg="Max lines reached" maxLines=36
time=2025-05-31T09:54:21.757-05:00 level=ERROR msg="Max lines reached" maxLines=36
time=2025-05-31T09:54:21.779-05:00 level=ERROR msg="Max lines reached" maxLines=36
time=2025-05-31T09:54:21.926-05:00 level=ERROR msg="Max lines reached" maxLines=36
time=2025-05-31T09:54:21.973-05:00 level=ERROR msg="Max lines reached" maxLines=36
time=2025-05-31T09:54:22.009-05:00 level=ERROR msg="Max lines reached" maxLines=36
time=2025-05-31T09:54:24.042-05:00 level=ERROR msg="Max lines reached" maxLines=36
time=2025-05-31T09:54:24.179-05:00 level=ERROR msg="Max lines reached" maxLines=36
time=2025-05-31T09:54:24.203-05:00 level=ERROR msg="Max lines reached" maxLines=36
time=2025-05-31T09:54:24.324-05:00 level=ERROR msg="Max lines reached" maxLines=36
time=2025-05-31T09:54:24.367-05:00 level=ERROR msg="Max lines reached" maxLines=36
time=2025-05-31T09:54:24.404-05:00 level=ERROR msg="Max lines reached" maxLines=36
time=2025-05-31T09:54:24.442-05:00 level=ERROR msg="Max lines reached" maxLines=36
time=2025-05-31T09:54:24.472-05:00 level=ERROR msg="Max lines reached" maxLines=36
time=2025-05-31T09:54:24.504-05:00 level=ERROR msg="Max lines reached" maxLines=36
time=2025-05-31T09:54:24.534-05:00 level=ERROR msg="Max lines reached" maxLines=36
time=2025-05-31T09:54:24.567-05:00 level=ERROR msg="Max lines reached" maxLines=36
time=2025-05-31T09:54:24.598-05:00 level=ERROR msg="Max lines reached" maxLines=36
time=2025-05-31T09:54:24.627-05:00 level=ERROR msg="Max lines reached" maxLines=36
time=2025-05-31T09:54:24.655-05:00 level=ERROR msg="Max lines reached" maxLines=36
time=2025-05-31T09:54:24.683-05:00 level=ERROR msg="Max lines reached" maxLines=36
time=2025-05-31T09:54:24.710-05:00 level=ERROR msg="Max lines reached" maxLines=36
time=2025-05-31T09:54:24.751-05:00 level=ERROR msg="Max lines reached" maxLines=36
time=2025-05-31T09:54:24.793-05:00 level=ERROR msg="Max lines reached" maxLines=36
time=2025-05-31T09:54:24.824-05:00 level=ERROR msg="Max lines reached" maxLines=36
time=2025-05-31T09:54:24.855-05:00 level=ERROR msg="Max lines reached" maxLines=36
time=2025-05-31T09:54:25.834-05:00 level=ERROR msg="Max lines reached" maxLines=36
time=2025-05-31T09:54:29.577-05:00 level=ERROR msg="Max lines reached" maxLines=36
time=2025-05-31T09:54:29.603-05:00 level=ERROR msg="Max lines reached" maxLines=36
time=2025-05-31T09:54:29.637-05:00 level=ERROR msg="Max lines reached" maxLines=36
time=2025-05-31T09:54:30.555-05:00 level=ERROR msg="Max lines reached" maxLines=36
time=2025-05-31T09:54:30.572-05:00 level=ERROR msg="Max lines reached" maxLines=36
time=2025-05-31T09:55:57.485-05:00 level=ERROR msg="Max lines reached" maxLines=36
time=2025-05-31T09:55:57.623-05:00 level=ERROR msg="Max lines reached" maxLines=36
time=2025-05-31T09:55:58.132-05:00 level=ERROR msg="Max lines reached" maxLines=36
time=2025-05-31T09:56:09.555-05:00 level=ERROR msg="Max lines reached" maxLines=36
time=2025-05-31T09:56:09.687-05:00 level=ERROR msg="Max lines reached" maxLines=36
time=2025-05-31T09:56:09.718-05:00 level=ERROR msg="Max lines reached" maxLines=36
time=2025-05-31T09:56:09.757-05:00 level=ERROR msg="Max lines reached" maxLines=36
time=2025-05-31T09:56:09.795-05:00 level=ERROR msg="Max lines reached" maxLines=36
time=2025-05-31T09:56:09.820-05:00 level=ERROR msg="Max lines reached" maxLines=36
time=2025-05-31T09:56:09.850-05:00 level=ERROR msg="Max lines reached" maxLines=36
time=2025-05-31T09:56:09.877-05:00 level=ERROR msg="Max lines reached" maxLines=36
time=2025-05-31T09:56:09.900-05:00 level=ERROR msg="Max lines reached" maxLines=36
time=2025-05-31T09:56:09.927-05:00 level=ERROR msg="Max lines reached" maxLines=36
time=2025-05-31T09:56:09.946-05:00 level=ERROR msg="Max lines reached" maxLines=36
time=2025-05-31T09:56:09.964-05:00 level=ERROR msg="Max lines reached" maxLines=36
time=2025-05-31T09:56:09.982-05:00 level=ERROR msg="Max lines reached" maxLines=36
time=2025-05-31T09:56:10.003-05:00 level=ERROR msg="Max lines reached" maxLines=36
time=2025-05-31T09:56:10.023-05:00 level=ERROR msg="Max lines reached" maxLines=36
time=2025-05-31T09:56:10.042-05:00 level=ERROR msg="Max lines reached" maxLines=36
time=2025-05-31T09:56:10.064-05:00 level=ERROR msg="Max lines reached" maxLines=36
time=2025-05-31T09:56:10.083-05:00 level=ERROR msg="Max lines reached" maxLines=36
time=2025-05-31T09:56:10.102-05:00 level=ERROR msg="Max lines reached" maxLines=36
time=2025-05-31T09:56:10.126-05:00 level=ERROR msg="Max lines reached" maxLines=36
time=2025-05-31T09:56:10.491-05:00 level=ERROR msg="Max lines reached" maxLines=36
time=2025-05-31T09:56:10.510-05:00 level=ERROR msg="Max lines reached" maxLines=36
time=2025-05-31T09:56:10.528-05:00 level=ERROR msg="Max lines reached" maxLines=36
time=2025-05-31T09:56:10.546-05:00 level=ERROR msg="Max lines reached" maxLines=36
time=2025-05-31T09:56:10.563-05:00 level=ERROR msg="Max lines reached" maxLines=36
time=2025-05-31T09:56:10.581-05:00 level=ERROR msg="Max lines reached" maxLines=36
time=2025-05-31T09:56:10.604-05:00 level=ERROR msg="Max lines reached" maxLines=36
time=2025-05-31T09:56:10.622-05:00 level=ERROR msg="Max lines reached" maxLines=36
time=2025-05-31T09:56:10.642-05:00 level=ERROR msg="Max lines reached" maxLines=36
time=2025-05-31T09:56:10.660-05:00 level=ERROR msg="Max lines reached" maxLines=36
time=2025-05-31T09:56:10.684-05:00 level=ERROR msg="Max lines reached" maxLines=36
time=2025-05-31T09:56:10.709-05:00 level=ERROR msg="Max lines reached" maxLines=36
time=2025-05-31T09:56:10.733-05:00 level=ERROR msg="Max lines reached" maxLines=36
time=2025-05-31T09:56:10.755-05:00 level=ERROR msg="Max lines reached" maxLines=36
time=2025-05-31T09:56:10.799-05:00 level=ERROR msg="Max lines reached" maxLines=36
time=2025-05-31T09:56:10.864-05:00 level=ERROR msg="Max lines reached" maxLines=36
time=2025-05-31T09:56:11.307-05:00 level=ERROR msg="Max lines reached" maxLines=36
time=2025-05-31T09:56:11.343-05:00 level=ERROR msg="Max lines reached" maxLines=36
time=2025-05-31T09:56:11.362-05:00 level=ERROR msg="Max lines reached" maxLines=36
time=2025-05-31T09:56:11.395-05:00 level=ERROR msg="Max lines reached" maxLines=36
time=2025-05-31T09:56:11.471-05:00 level=ERROR msg="Max lines reached" maxLines=36
time=2025-05-31T09:56:11.519-05:00 level=ERROR msg="Max lines reached" maxLines=36
time=2025-05-31T09:56:11.852-05:00 level=ERROR msg="Max lines reached" maxLines=36
time=2025-05-31T09:56:11.872-05:00 level=ERROR msg="Max lines reached" maxLines=36
time=2025-05-31T09:56:11.890-05:00 level=ERROR msg="Max lines reached" maxLines=36
time=2025-05-31T09:56:11.909-05:00 level=ERROR msg="Max lines reached" maxLines=36
time=2025-05-31T09:56:11.927-05:00 level=ERROR msg="Max lines reached" maxLines=36
time=2025-05-31T09:56:11.944-05:00 level=ERROR msg="Max lines reached" maxLines=36
time=2025-05-31T09:56:15.994-05:00 level=ERROR msg="Max lines reached" maxLines=36
time=2025-05-31T09:56:21.605-05:00 level=ERROR msg="Max lines reached" maxLines=36
time=2025-05-31T09:56:22.164-05:00 level=ERROR msg="Max lines reached" maxLines=36
time=2025-05-31T09:56:22.180-05:00 level=ERROR msg="Max lines reached" maxLines=36
time=2025-05-31T10:00:24.387-05:00 level=ERROR msg="Max lines reached" maxLines=36
time=2025-05-31T10:00:24.545-05:00 level=ERROR msg="Max lines reached" maxLines=36
time=2025-05-31T10:00:24.847-05:00 level=ERROR msg="Max lines reached" maxLines=36
time=2025-05-31T10:00:24.986-05:00 level=ERROR msg="Max lines reached" maxLines=36
time=2025-05-31T10:00:38.162-05:00 level=ERROR msg="Max lines reached" maxLines=36
time=2025-05-31T10:00:38.179-05:00 level=ERROR msg="Max lines reached" maxLines=36
time=2025-05-31T10:00:38.196-05:00 level=ERROR msg="Max lines reached" maxLines=36
time=2025-05-31T10:00:38.214-05:00 level=ERROR msg="Max lines reached" maxLines=36
time=2025-05-31T10:00:38.232-05:00 level=ERROR msg="Max lines reached" maxLines=36
time=2025-05-31T10:00:38.836-05:00 level=ERROR msg="Max lines reached" maxLines=36
time=2025-05-31T10:00:40.545-05:00 level=ERROR msg="Max lines reached" maxLines=36
time=2025-05-31T10:00:40.562-05:00 level=ERROR msg="Max lines reached" maxLines=36
time=2025-05-31T10:00:47.904-05:00 level=ERROR msg="Error render directory preview" error="open M:\\System Volume Information: Acceso denegado."
time=2025-05-31T12:07:58.896-05:00 level=ERROR msg="Error render directory preview" error="open C:\\Documents and Settings: Acceso denegado."
time=2025-05-31T12:07:59.047-05:00 level=ERROR msg="Error render directory preview" error="open C:\\Documents and Settings: Acceso denegado."
time=2025-05-31T12:08:06.214-05:00 level=ERROR msg="Error render directory preview" error="open C:\\Users\\eduar\\Impresoras: Acceso denegado."
time=2025-05-31T12:08:07.204-05:00 level=ERROR msg="Error render directory preview" error="open C:\\Users\\eduar\\Impresoras: Acceso denegado."
time=2025-05-31T12:08:07.348-05:00 level=ERROR msg="Error render directory preview" error="open C:\\Users\\eduar\\Impresoras: Acceso denegado."
time=2025-05-31T12:08:09.019-05:00 level=ERROR msg="Error render directory preview" error="open C:\\Users\\eduar\\Impresoras: Acceso denegado."
time=2025-05-31T12:08:09.507-05:00 level=ERROR msg="Error render directory preview" error="open C:\\Users\\eduar\\Impresoras: Acceso denegado."
time=2025-05-31T12:08:09.668-05:00 level=ERROR msg="Error render directory preview" error="open C:\\Users\\eduar\\Impresoras: Acceso denegado."
time=2025-05-31T12:08:09.948-05:00 level=ERROR msg="Error render directory preview" error="open C:\\Users\\eduar\\Entorno de red: Acceso denegado."
time=2025-05-31T12:08:10.098-05:00 level=ERROR msg="Error render directory preview" error="open C:\\Users\\eduar\\Entorno de red: Acceso denegado."
time=2025-05-31T12:08:11.612-05:00 level=ERROR msg="Error render directory preview" error="open C:\\Users\\eduar\\Entorno de red: Acceso denegado."
time=2025-05-31T12:08:20.193-05:00 level=ERROR msg="Max lines reached" maxLines=37
time=2025-05-31T12:08:20.341-05:00 level=ERROR msg="Max lines reached" maxLines=37
time=2025-05-31T12:08:20.750-05:00 level=ERROR msg="Max lines reached" maxLines=37
time=2025-05-31T12:08:21.422-05:00 level=ERROR msg="Error unexpected file extension type: .sh" error="unsupported operation"
time=2025-06-03T21:44:01.667-05:00 level=ERROR msg="Max lines reached" maxLines=37
time=2025-06-03T21:44:01.723-05:00 level=ERROR msg="Max lines reached" maxLines=37
time=2025-06-03T21:44:04.641-05:00 level=ERROR msg="Max lines reached" maxLines=37
time=2025-06-03T21:44:04.658-05:00 level=ERROR msg="Max lines reached" maxLines=37
time=2025-06-17T22:30:26.076-05:00 level=ERROR msg="Max lines reached" maxLines=37
time=2025-06-17T22:30:45.773-05:00 level=ERROR msg="Error render directory preview" error="open C:\\$Recycle.Bin\\S-1-5-18: Access is denied."
time=2025-06-17T22:35:48.259-05:00 level=ERROR msg="Max lines reached" maxLines=37
time=2025-06-17T22:35:48.319-05:00 level=ERROR msg="Max lines reached" maxLines=37
time=2025-06-17T22:35:48.638-05:00 level=ERROR msg="Max lines reached" maxLines=37
time=2025-06-17T22:35:48.750-05:00 level=ERROR msg="exif error" error=EOF
time=2025-06-17T22:35:48.781-05:00 level=ERROR msg="Error render directory preview" error="open C:\\Users\\eduar\\Configuración local: Access is denied."
time=2025-06-17T22:35:48.789-05:00 level=ERROR msg="Error render directory preview" error="open C:\\Users\\eduar\\Cookies: Access is denied."
time=2025-06-17T22:35:48.938-05:00 level=ERROR msg="Error render directory preview" error="open C:\\Users\\eduar\\Cookies: Access is denied."
time=2025-06-17T22:35:49.680-05:00 level=ERROR msg="Error render directory preview" error="open C:\\Users\\eduar\\Datos de programa: Access is denied."
time=2025-06-17T22:35:49.830-05:00 level=ERROR msg="Error render directory preview" error="open C:\\Users\\eduar\\Datos de programa: Access is denied."
time=2025-06-17T22:35:50.191-05:00 level=ERROR msg="Error render directory preview" error="open C:\\Users\\eduar\\Entorno de red: Access is denied."
time=2025-06-17T22:35:50.219-05:00 level=ERROR msg="Error render directory preview" error="open C:\\Users\\eduar\\Impresoras: Access is denied."
time=2025-06-17T22:35:50.262-05:00 level=ERROR msg="Max lines reached" maxLines=37
time=2025-06-17T22:35:50.285-05:00 level=ERROR msg="Error render directory preview" error="open C:\\Users\\eduar\\Menú Inicio: Access is denied."
time=2025-06-17T22:35:50.348-05:00 level=ERROR msg="Error render directory preview" error="open C:\\Users\\eduar\\Mis documentos: Access is denied."
time=2025-06-17T22:35:50.360-05:00 level=ERROR msg="Error while checking text file" error="open C:\\Users\\eduar\\NTUSER.DAT: The process cannot access the file because it is being used by another process."
time=2025-06-17T22:35:50.398-05:00 level=ERROR msg="Error while checking text file" error="open C:\\Users\\eduar\\ntuser.dat.LOG1: The process cannot access the file because it is being used by another process."
time=2025-06-17T22:35:50.425-05:00 level=ERROR msg="Error while checking text file" error="open C:\\Users\\eduar\\ntuser.dat.LOG2: The process cannot access the file because it is being used by another process."
time=2025-06-17T22:35:50.578-05:00 level=ERROR msg="Error render directory preview" error="open C:\\Users\\eduar\\Plantillas: Access is denied."
time=2025-06-17T22:35:50.627-05:00 level=ERROR msg="Error render directory preview" error="open C:\\Users\\eduar\\Reciente: Access is denied."
time=2025-06-17T22:35:50.656-05:00 level=ERROR msg="Error render directory preview" error="open C:\\Users\\eduar\\SendTo: Access is denied."
time=2025-06-17T22:37:21.114-05:00 level=ERROR msg="Max lines reached" maxLines=37
time=2025-06-17T22:37:21.273-05:00 level=ERROR msg="Max lines reached" maxLines=37
time=2025-06-17T22:37:22.155-05:00 level=ERROR msg="Max lines reached" maxLines=37
time=2025-06-17T22:37:22.317-05:00 level=ERROR msg="Max lines reached" maxLines=37
time=2025-06-17T22:37:25.510-05:00 level=ERROR msg="Max lines reached" maxLines=37
time=2025-06-17T22:37:25.667-05:00 level=ERROR msg="Max lines reached" maxLines=37
time=2025-06-17T22:37:28.514-05:00 level=ERROR msg="Max lines reached" maxLines=37
time=2025-06-17T22:37:28.673-05:00 level=ERROR msg="Max lines reached" maxLines=37
time=2025-06-17T22:37:28.827-05:00 level=ERROR msg="Max lines reached" maxLines=37
time=2025-06-17T22:37:28.985-05:00 level=ERROR msg="Max lines reached" maxLines=37
time=2025-06-17T22:37:53.872-05:00 level=ERROR msg="Error render directory preview" error="open C:\\Users\\eduar\\AppData\\Local\\Archivos temporales de Internet: Access is denied."
time=2025-06-17T22:37:54.002-05:00 level=ERROR msg="Error render directory preview" error="open C:\\Users\\eduar\\AppData\\Local\\Archivos temporales de Internet: Access is denied."
time=2025-06-17T22:37:54.217-05:00 level=ERROR msg="Error render directory preview" error="open C:\\Users\\eduar\\AppData\\Local\\Datos de programa: Access is denied."
time=2025-06-17T22:37:54.368-05:00 level=ERROR msg="Error render directory preview" error="open C:\\Users\\eduar\\AppData\\Local\\Datos de programa: Access is denied."
time=2025-06-17T22:37:54.703-05:00 level=ERROR msg="Error render directory preview" error="open C:\\Users\\eduar\\AppData\\Local\\Historial: Access is denied."
time=2025-06-17T22:37:54.837-05:00 level=ERROR msg="Error render directory preview" error="open C:\\Users\\eduar\\AppData\\Local\\Historial: Access is denied."
